# JRE version: Java(TM) SE Runtime Environment (8.0_131-b11) (build 1.8.0_131-b11)
# Java VM: Java HotSpot(TM) 64-Bit Server VM (25.131-b11 mixed mode linux-amd64 compressed oops)
Heap:
 PSYoungGen      total 225280K, used 32742K [0x00000000ec000000, 0x0000000100000000, 0x0000000100000000)
  eden space 191488K, 0% used [0x00000000ec000000,0x00000000ec000000,0x00000000f7b00000)
  from space 33792K, 96% used [0x00000000fdf00000,0x00000000ffef9a58,0x0000000100000000)
  to   space 68096K, 0% used [0x00000000f7b00000,0x00000000f7b00000,0x00000000fbd80000)
 ParOldGen       total 160256K, used 159972K [0x00000000c4000000, 0x00000000cdc80000, 0x00000000ec000000)
  object space 160256K, 99% used [0x00000000c4000000,0x00000000cdc390e8,0x00000000cdc80000)
 Metaspace       used 11015K, capacity 11284K, committed 11392K, reserved 1058816K
  class space    used 1291K, capacity 1376K, committed 1408K, reserved 1048576K
GC Heap History (10 events):
Event: 4,289 GC heap after
Heap after GC invocations=9 (full 0):
 PSYoungGen      total 128512K, used 7588K [0x00000000ec000000, 0x00000000f8e00000, 0x0000000100000000)
  eden space 120832K, 0% used [0x00000000ec000000,0x00000000ec000000,0x00000000f3600000)
  from space 7680K, 98% used [0x00000000f3600000,0x00000000f3d69058,0x00000000f3d80000)
  to   space 8704K, 0% used [0x00000000f8580000,0x00000000f8580000,0x00000000f8e00000)
 ParOldGen       total 40960K, used 18138K [0x00000000c4000000, 0x00000000c6800000, 0x00000000ec000000)
  object space 40960K, 44% used [0x00000000c4000000,0x00000000c51b6820,0x00000000c6800000)
 Metaspace       used 3499K, capacity 4780K, committed 5120K, reserved 1056768K
  class space    used 369K, capacity 424K, committed 512K, reserved 1048576K
}
Event: 4,835 GC heap before
{Heap before GC invocations=10 (full 0):
 PSYoungGen      total 128512K, used 128420K [0x00000000ec000000, 0x00000000f8e00000, 0x0000000100000000)
  eden space 120832K, 100% used [0x00000000ec000000,0x00000000f3600000,0x00000000f3600000)
  from space 7680K, 98% used [0x00000000f3600000,0x00000000f3d69058,0x00000000f3d80000)
  to   space 8704K, 0% used [0x00000000f8580000,0x00000000f8580000,0x00000000f8e00000)
 ParOldGen       total 40960K, used 18138K [0x00000000c4000000, 0x00000000c6800000, 0x00000000ec000000)
  object space 40960K, 44% used [0x00000000c4000000,0x00000000c51b6820,0x00000000c6800000)
 Metaspace       used 3499K, capacity 4780K, committed 5120K, reserved 1056768K
  class space    used 369K, capacity 424K, committed 512K, reserved 1048576K
Event: 4,839 GC heap after
Heap after GC invocations=10 (full 0):
 PSYoungGen      total 201216K, used 8653K [0x00000000ec000000, 0x00000000f9000000, 0x0000000100000000)
  eden space 192512K, 0% used [0x00000000ec000000,0x00000000ec000000,0x00000000f7c00000)
  from space 8704K, 99% used [0x00000000f8580000,0x00000000f8df3740,0x00000000f8e00000)
  to   space 9728K, 0% used [0x00000000f7c00000,0x00000000f7c00000,0x00000000f8580000)
 ParOldGen       total 40960K, used 24666K [0x00000000c4000000, 0x00000000c6800000, 0x00000000ec000000)
  object space 40960K, 60% used [0x00000000c4000000,0x00000000c5816b38,0x00000000c6800000)
 Metaspace       used 3499K, capacity 4780K, committed 5120K, reserved 1056768K
  class space    used 369K, capacity 424K, committed 512K, reserved 1048576K
}
Event: 65,930 GC heap before
{Heap before GC invocations=11 (full 0):
 PSYoungGen      total 201216K, used 201165K [0x00000000ec000000, 0x00000000f9000000, 0x0000000100000000)
  eden space 192512K, 100% used [0x00000000ec000000,0x00000000f7c00000,0x00000000f7c00000)
  from space 8704K, 99% used [0x00000000f8580000,0x00000000f8df3740,0x00000000f8e00000)
  to   space 9728K, 0% used [0x00000000f7c00000,0x00000000f7c00000,0x00000000f8580000)
 ParOldGen       total 40960K, used 24666K [0x00000000c4000000, 0x00000000c6800000, 0x00000000ec000000)
  object space 40960K, 60% used [0x00000000c4000000,0x00000000c5816b38,0x00000000c6800000)
 Metaspace       used 3610K, capacity 4844K, committed 5120K, reserved 1056768K
  class space    used 376K, capacity 424K, committed 512K, reserved 1048576K
Event: 66,018 GC heap after
Heap after GC invocations=11 (full 0):
 PSYoungGen      total 202240K, used 9699K [0x00000000ec000000, 0x0000000100000000, 0x0000000100000000)
  eden space 192512K, 0% used [0x00000000ec000000,0x00000000ec000000,0x00000000f7c00000)
  from space 9728K, 99% used [0x00000000f7c00000,0x00000000f8578ff0,0x00000000f8580000)
  to   space 33792K, 0% used [0x00000000fdf00000,0x00000000fdf00000,0x0000000100000000)
 ParOldGen       total 86016K, used 85960K [0x00000000c4000000, 0x00000000c9400000, 0x00000000ec000000)
  object space 86016K, 99% used [0x00000000c4000000,0x00000000c93f23e0,0x00000000c9400000)
 Metaspace       used 3610K, capacity 4844K, committed 5120K, reserved 1056768K
  class space    used 376K, capacity 424K, committed 512K, reserved 1048576K
}
Event: 66,019 GC heap before
{Heap before GC invocations=12 (full 1):
 PSYoungGen      total 202240K, used 9699K [0x00000000ec000000, 0x0000000100000000, 0x0000000100000000)
  eden space 192512K, 0% used [0x00000000ec000000,0x00000000ec000000,0x00000000f7c00000)
  from space 9728K, 99% used [0x00000000f7c00000,0x00000000f8578ff0,0x00000000f8580000)
  to   space 33792K, 0% used [0x00000000fdf00000,0x00000000fdf00000,0x0000000100000000)
 ParOldGen       total 86016K, used 85960K [0x00000000c4000000, 0x00000000c9400000, 0x00000000ec000000)
  object space 86016K, 99% used [0x00000000c4000000,0x00000000c93f23e0,0x00000000c9400000)
 Metaspace       used 3610K, capacity 4844K, committed 5120K, reserved 1056768K
  class space    used 376K, capacity 424K, committed 512K, reserved 1048576K
Event: 66,094 GC heap after
Heap after GC invocations=12 (full 1):
 PSYoungGen      total 202240K, used 0K [0x00000000ec000000, 0x0000000100000000, 0x0000000100000000)
  eden space 192512K, 0% used [0x00000000ec000000,0x00000000ec000000,0x00000000f7c00000)
  from space 9728K, 0% used [0x00000000f7c00000,0x00000000f7c00000,0x00000000f8580000)
  to   space 33792K, 0% used [0x00000000fdf00000,0x00000000fdf00000,0x0000000100000000)
 ParOldGen       total 128000K, used 83317K [0x00000000c4000000, 0x00000000cbd00000, 0x00000000ec000000)
  object space 128000K, 65% used [0x00000000c4000000,0x00000000c915d5c0,0x00000000cbd00000)
 Metaspace       used 3610K, capacity 4844K, committed 5120K, reserved 1056768K
  class space    used 376K, capacity 424K, committed 512K, reserved 1048576K
}
Event: 96,994 GC heap before
{Heap before GC invocations=13 (full 1):
 PSYoungGen      total 202240K, used 192512K [0x00000000ec000000, 0x0000000100000000, 0x0000000100000000)
  eden space 192512K, 100% used [0x00000000ec000000,0x00000000f7c00000,0x00000000f7c00000)
  from space 9728K, 0% used [0x00000000f7c00000,0x00000000f7c00000,0x00000000f8580000)
  to   space 33792K, 0% used [0x00000000fdf00000,0x00000000fdf00000,0x0000000100000000)
 ParOldGen       total 128000K, used 83317K [0x00000000c4000000, 0x00000000cbd00000, 0x00000000ec000000)
  object space 128000K, 65% used [0x00000000c4000000,0x00000000c915d5c0,0x00000000cbd00000)
 Metaspace       used 11015K, capacity 11284K, committed 11392K, reserved 1058816K
  class space    used 1291K, capacity 1376K, committed 1408K, reserved 1048576K
Event: 97,720 GC heap after
Heap after GC invocations=13 (full 1):
 PSYoungGen      total 225280K, used 33791K [0x00000000ec000000, 0x0000000100000000, 0x0000000100000000)
  eden space 191488K, 0% used [0x00000000ec000000,0x00000000ec000000,0x00000000f7b00000)
  from space 33792K, 99% used [0x00000000fdf00000,0x00000000ffffffd0,0x0000000100000000)
  to   space 68096K, 0% used [0x00000000f7b00000,0x00000000f7b00000,0x00000000fbd80000)
 ParOldGen       total 160256K, used 159784K [0x00000000c4000000, 0x00000000cdc80000, 0x00000000ec000000)
  object space 160256K, 99% used [0x00000000c4000000,0x00000000cdc0a108,0x00000000cdc80000)
 Metaspace       used 11015K, capacity 11284K, committed 11392K, reserved 1058816K
  class space    used 1291K, capacity 1376K, committed 1408K, reserved 1048576K
}
Event: 101,361 GC heap before
{Heap before GC invocations=14 (full 2):
 PSYoungGen      total 225280K, used 33791K [0x00000000ec000000, 0x0000000100000000, 0x0000000100000000)
  eden space 191488K, 0% used [0x00000000ec000000,0x00000000ec000000,0x00000000f7b00000)
  from space 33792K, 99% used [0x00000000fdf00000,0x00000000ffffffd0,0x0000000100000000)
  to   space 68096K, 0% used [0x00000000f7b00000,0x00000000f7b00000,0x00000000fbd80000)
 ParOldGen       total 160256K, used 159784K [0x00000000c4000000, 0x00000000cdc80000, 0x00000000ec000000)
  object space 160256K, 99% used [0x00000000c4000000,0x00000000cdc0a108,0x00000000cdc80000)
 Metaspace       used 11015K, capacity 11284K, committed 11392K, reserved 1058816K
  class space    used 1291K, capacity 1376K, committed 1408K, reserved 1048576K

