# JRE version: Java(TM) SE Runtime Environment (8.0_131-b11) (build 1.8.0_131-b11)
# Java VM: Java HotSpot(TM) 64-Bit Server VM (25.131-b11 mixed mode linux-amd64 compressed oops)
Heap:
 PSYoungGen      total 295936K, used 7056K [0x00000000ec000000, 0x0000000100000000, 0x0000000100000000)
  eden space 265728K, 0% used [0x00000000ec000000,0x00000000ec000000,0x00000000fc380000)
  from space 30208K, 23% used [0x00000000fc380000,0x00000000fca641d0,0x00000000fe100000)
  to   space 31744K, 0% used [0x00000000fe100000,0x00000000fe100000,0x0000000100000000)
 ParOldGen       total 141824K, used 141794K [0x00000000c4000000, 0x00000000cca80000, 0x00000000ec000000)
  object space 141824K, 99% used [0x00000000c4000000,0x00000000cca78800,0x00000000cca80000)
 Metaspace       used 11417K, capacity 11670K, committed 12032K, reserved 1060864K
  class space    used 1346K, capacity 1421K, committed 1536K, reserved 1048576K
GC Heap History (10 events):
Event: 200,381 GC heap after
Heap after GC invocations=14 (full 2):
 PSYoungGen      total 296960K, used 4356K [0x00000000ec000000, 0x0000000100000000, 0x0000000100000000)
  eden space 265216K, 0% used [0x00000000ec000000,0x00000000ec000000,0x00000000fc300000)
  from space 31744K, 13% used [0x00000000fe100000,0x00000000fe541268,0x0000000100000000)
  to   space 30720K, 0% used [0x00000000fc300000,0x00000000fc300000,0x00000000fe100000)
 ParOldGen       total 122880K, used 83602K [0x00000000c4000000, 0x00000000cb800000, 0x00000000ec000000)
  object space 122880K, 68% used [0x00000000c4000000,0x00000000c91a4bb0,0x00000000cb800000)
 Metaspace       used 10845K, capacity 11092K, committed 11136K, reserved 1058816K
  class space    used 1276K, capacity 1376K, committed 1408K, reserved 1048576K
}
Event: 202,180 GC heap before
{Heap before GC invocations=15 (full 2):
 PSYoungGen      total 296960K, used 269572K [0x00000000ec000000, 0x0000000100000000, 0x0000000100000000)
  eden space 265216K, 100% used [0x00000000ec000000,0x00000000fc300000,0x00000000fc300000)
  from space 31744K, 13% used [0x00000000fe100000,0x00000000fe541268,0x0000000100000000)
  to   space 30720K, 0% used [0x00000000fc300000,0x00000000fc300000,0x00000000fe100000)
 ParOldGen       total 122880K, used 83602K [0x00000000c4000000, 0x00000000cb800000, 0x00000000ec000000)
  object space 122880K, 68% used [0x00000000c4000000,0x00000000c91a4bb0,0x00000000cb800000)
 Metaspace       used 11047K, capacity 11284K, committed 11392K, reserved 1058816K
  class space    used 1291K, capacity 1376K, committed 1408K, reserved 1048576K
Event: 202,217 GC heap after
Heap after GC invocations=15 (full 2):
 PSYoungGen      total 295936K, used 14978K [0x00000000ec000000, 0x00000000fff00000, 0x0000000100000000)
  eden space 265216K, 0% used [0x00000000ec000000,0x00000000ec000000,0x00000000fc300000)
  from space 30720K, 48% used [0x00000000fc300000,0x00000000fd1a0a50,0x00000000fe100000)
  to   space 30720K, 0% used [0x00000000fe100000,0x00000000fe100000,0x00000000fff00000)
 ParOldGen       total 122880K, used 85142K [0x00000000c4000000, 0x00000000cb800000, 0x00000000ec000000)
  object space 122880K, 69% used [0x00000000c4000000,0x00000000c9325978,0x00000000cb800000)
 Metaspace       used 11047K, capacity 11284K, committed 11392K, reserved 1058816K
  class space    used 1291K, capacity 1376K, committed 1408K, reserved 1048576K
}
Event: 202,534 GC heap before
{Heap before GC invocations=16 (full 2):
 PSYoungGen      total 295936K, used 280194K [0x00000000ec000000, 0x00000000fff00000, 0x0000000100000000)
  eden space 265216K, 100% used [0x00000000ec000000,0x00000000fc300000,0x00000000fc300000)
  from space 30720K, 48% used [0x00000000fc300000,0x00000000fd1a0a50,0x00000000fe100000)
  to   space 30720K, 0% used [0x00000000fe100000,0x00000000fe100000,0x00000000fff00000)
 ParOldGen       total 122880K, used 85142K [0x00000000c4000000, 0x00000000cb800000, 0x00000000ec000000)
  object space 122880K, 69% used [0x00000000c4000000,0x00000000c9325978,0x00000000cb800000)
 Metaspace       used 11050K, capacity 11284K, committed 11392K, reserved 1058816K
  class space    used 1291K, capacity 1376K, committed 1408K, reserved 1048576K
Event: 202,556 GC heap after
Heap after GC invocations=16 (full 2):
 PSYoungGen      total 296448K, used 1115K [0x00000000ec000000, 0x00000000fff00000, 0x0000000100000000)
  eden space 265728K, 0% used [0x00000000ec000000,0x00000000ec000000,0x00000000fc380000)
  from space 30720K, 3% used [0x00000000fe100000,0x00000000fe216ca8,0x00000000fff00000)
  to   space 30208K, 0% used [0x00000000fc380000,0x00000000fc380000,0x00000000fe100000)
 ParOldGen       total 122880K, used 100039K [0x00000000c4000000, 0x00000000cb800000, 0x00000000ec000000)
  object space 122880K, 81% used [0x00000000c4000000,0x00000000ca1b1f30,0x00000000cb800000)
 Metaspace       used 11050K, capacity 11284K, committed 11392K, reserved 1058816K
  class space    used 1291K, capacity 1376K, committed 1408K, reserved 1048576K
}
Event: 202,556 GC heap before
{Heap before GC invocations=17 (full 3):
 PSYoungGen      total 296448K, used 1115K [0x00000000ec000000, 0x00000000fff00000, 0x0000000100000000)
  eden space 265728K, 0% used [0x00000000ec000000,0x00000000ec000000,0x00000000fc380000)
  from space 30720K, 3% used [0x00000000fe100000,0x00000000fe216ca8,0x00000000fff00000)
  to   space 30208K, 0% used [0x00000000fc380000,0x00000000fc380000,0x00000000fe100000)
 ParOldGen       total 122880K, used 100039K [0x00000000c4000000, 0x00000000cb800000, 0x00000000ec000000)
  object space 122880K, 81% used [0x00000000c4000000,0x00000000ca1b1f30,0x00000000cb800000)
 Metaspace       used 11050K, capacity 11284K, committed 11392K, reserved 1058816K
  class space    used 1291K, capacity 1376K, committed 1408K, reserved 1048576K
Event: 202,896 GC heap after
Heap after GC invocations=17 (full 3):
 PSYoungGen      total 296448K, used 0K [0x00000000ec000000, 0x00000000fff00000, 0x0000000100000000)
  eden space 265728K, 0% used [0x00000000ec000000,0x00000000ec000000,0x00000000fc380000)
  from space 30720K, 0% used [0x00000000fe100000,0x00000000fe100000,0x00000000fff00000)
  to   space 30208K, 0% used [0x00000000fc380000,0x00000000fc380000,0x00000000fe100000)
 ParOldGen       total 141824K, used 100201K [0x00000000c4000000, 0x00000000cca80000, 0x00000000ec000000)
  object space 141824K, 70% used [0x00000000c4000000,0x00000000ca1da7f0,0x00000000cca80000)
 Metaspace       used 11050K, capacity 11284K, committed 11392K, reserved 1058816K
  class space    used 1291K, capacity 1376K, committed 1408K, reserved 1048576K
}
Event: 203,356 GC heap before
{Heap before GC invocations=18 (full 3):
 PSYoungGen      total 296448K, used 265728K [0x00000000ec000000, 0x00000000fff00000, 0x0000000100000000)
  eden space 265728K, 100% used [0x00000000ec000000,0x00000000fc380000,0x00000000fc380000)
  from space 30720K, 0% used [0x00000000fe100000,0x00000000fe100000,0x00000000fff00000)
  to   space 30208K, 0% used [0x00000000fc380000,0x00000000fc380000,0x00000000fe100000)
 ParOldGen       total 141824K, used 100201K [0x00000000c4000000, 0x00000000cca80000, 0x00000000ec000000)
  object space 141824K, 70% used [0x00000000c4000000,0x00000000ca1da7f0,0x00000000cca80000)
 Metaspace       used 11417K, capacity 11670K, committed 12032K, reserved 1060864K
  class space    used 1346K, capacity 1421K, committed 1536K, reserved 1048576K
Event: 203,386 GC heap after
Heap after GC invocations=18 (full 3):
 PSYoungGen      total 295936K, used 30201K [0x00000000ec000000, 0x0000000100000000, 0x0000000100000000)
  eden space 265728K, 0% used [0x00000000ec000000,0x00000000ec000000,0x00000000fc380000)
  from space 30208K, 99% used [0x00000000fc380000,0x00000000fe0fe638,0x00000000fe100000)
  to   space 31744K, 0% used [0x00000000fe100000,0x00000000fe100000,0x0000000100000000)
 ParOldGen       total 141824K, used 123928K [0x00000000c4000000, 0x00000000cca80000, 0x00000000ec000000)
  object space 141824K, 87% used [0x00000000c4000000,0x00000000cb906318,0x00000000cca80000)
 Metaspace       used 11417K, capacity 11670K, committed 12032K, reserved 1060864K
  class space    used 1346K, capacity 1421K, committed 1536K, reserved 1048576K
}
Event: 203,386 GC heap before
{Heap before GC invocations=19 (full 4):
 PSYoungGen      total 295936K, used 30201K [0x00000000ec000000, 0x0000000100000000, 0x0000000100000000)
  eden space 265728K, 0% used [0x00000000ec000000,0x00000000ec000000,0x00000000fc380000)
  from space 30208K, 99% used [0x00000000fc380000,0x00000000fe0fe638,0x00000000fe100000)
  to   space 31744K, 0% used [0x00000000fe100000,0x00000000fe100000,0x0000000100000000)
 ParOldGen       total 141824K, used 123928K [0x00000000c4000000, 0x00000000cca80000, 0x00000000ec000000)
  object space 141824K, 87% used [0x00000000c4000000,0x00000000cb906318,0x00000000cca80000)
 Metaspace       used 11417K, capacity 11670K, committed 12032K, reserved 1060864K
  class space    used 1346K, capacity 1421K, committed 1536K, reserved 1048576K

